SIMAN Run Controller.

17.896554 Hours>
                                      ARENA Simulation Results
                                         - License: STUDENT   

                                  Summary for Replication 1 of 1

Project: Unnamed Project                                             Run execution date :11/23/2010
Analyst:                                                             Model revision date:11/23/2010

Replication ended at time      : 17.896554 Hours 
Base Time Units: Hours

                                           TALLY VARIABLES

Identifier                                  Average   Half Width  Minimum    Maximum   Observations
___________________________________________________________________________________________________

Entity 1.VATime                             .70435     (Insuf)    .41477     .99869         11    
Entity 1.NVATime                            .00000     (Insuf)    .00000     .00000         11    
Entity 1.WaitTime                           3.9447     (Insuf)    .45111     5.7650         11    
Entity 1.TranTime                           .00000     (Insuf)    .00000     .00000         11    
Entity 1.OtherTime                          .00000     (Insuf)    .00000     .00000         11    
Entity 1.TotalTime                          4.6491     (Insuf)    1.3326     6.5954         11    
M2.Queue.WaitingTime                        1.7373     (Insuf)    .00000     3.3732         10    
Reparation M3.Queue.WaitingTime                 --         --         --         --          0
M3.Queue.WaitingTime                        1.8205     (Insuf)    .45111     3.4115          8    
Reparation M1.Queue.WaitingTime             .35362     (Insuf)    .24862     .45862          2    
M1.Queue.WaitingTime                        1.6326     (Insuf)    .00000     3.0663          8    
Reparation M2.Queue.WaitingTime             .40261     (Insuf)    .32019     .48502          2    

                                     DISCRETE-CHANGE VARIABLES

Identifier                                  Average   Half Width  Minimum    Maximum   Final Value
___________________________________________________________________________________________________

Entity 1.WIP                                3.9200     (Insuf)    .00000     7.0000     6.0000    
Operateur.NumberBusy                        .94412     (Insuf)    .00000     1.0000     1.0000    
Operateur.NumberScheduled                   1.0000     (Insuf)    1.0000     1.0000     1.0000    
Operateur.Utilization                       .94412     (Insuf)    .00000     1.0000     1.0000    
M2.Queue.NumberInQueue                      .97079     (Insuf)    .00000     3.0000     .00000    
Reparation M3.Queue.NumberInQueue           .00000     (Insuf)    .00000     .00000     .00000    
M3.Queue.NumberInQueue                      1.1171     (Insuf)    .00000     3.0000     2.0000    
Reparation M1.Queue.NumberInQueue           .03952     (Insuf)    .00000     1.0000     .00000    
M1.Queue.NumberInQueue                      .80349     (Insuf)    .00000     3.0000     3.0000    
Reparation M2.Queue.NumberInQueue           .04499     (Insuf)    .00000     1.0000     .00000    

                                             OUTPUTS

Identifier                                   Value
_____________________________________________________________

Entity 1.NumberIn                           17.000    
Entity 1.NumberOut                          11.000    
Operateur.NumberSeized                      30.000    
Operateur.ScheduledUtilization              .94412    
System.NumberOut                            11.000    


Simulation run time: 1.03 minutes.
Simulation run complete.
